Build started 12/7/2014 3:59:32 PM.
     1>Project "D:\tolek\dydaktyka\2014_10_jesien\Software Engineering\VI meeting\LapTrainer_08_12_2014\LapTrainer_project\LaparoscopicTrainer.vcxproj" on node 2 (Rebuild target(s)).
     1>ClCompile:
         C:\Program Files (x86)\Microsoft Visual Studio 11.0\VC\bin\CL.exe /c /I"C:\OgreSDK_vc11_v1-9-0\include" /I"C:\OgreSDK_vc11_v1-9-0\include\OIS" /I"C:\OgreSDK_vc11_v1-9-0\include\OGRE" /I"C:\OgreSDK_vc11_v1-9-0\Samples\Common\include" /I"C:\OgreSDK_vc11_v1-9-0\boost" /I"C:\OgreSDK_vc11_v1-9-0\include\OGRE\Overlay" /I"C:\hidapi-0.7.0\hidapi" /Zi /nologo /W3 /WX- /sdl /O2 /Oi /Oy- /GL /D WIN32 /D NDEBUG /D _WINDOWS /D _MBCS /Gm- /EHsc /MD /GS /Gy /fp:precise /Zc:wchar_t /Zc:forScope /Fo"Release\\" /Fd"Release\vc110.pdb" /Gd /TP /analyze- /errorReport:prompt ..\Simballs_project\Simball.cpp OGRE.cpp LapTrainer.cpp
         Simball.cpp
         OGRE.cpp
     1>OGRE.cpp(155): warning C4305: 'argument' : truncation from 'double' to 'float'
         LapTrainer.cpp
     1>LapTrainer.cpp(2): fatal error C1083: Cannot open include file: 'Simball.h': No such file or directory
     1>Done Building Project "D:\tolek\dydaktyka\2014_10_jesien\Software Engineering\VI meeting\LapTrainer_08_12_2014\LapTrainer_project\LaparoscopicTrainer.vcxproj" (Rebuild target(s)) -- FAILED.

Build FAILED.

Time Elapsed 00:00:34.47
